2025-10-23 10:39:55, MOVE, v:1, k:poo@roupa, mode:PICK
2025-10-23 10:39:57, EXEC, v:1, k:poo@roupa, mode:FULL, rate:0
2025-10-23 10:39:58, EXEC, v:1, k:poo@roupa, mode:FULL, rate:0
2025-10-23 10:45:04, EXEC, v:1, k:poo@roupa, mode:FULL, rate:0
2025-10-23 10:45:05, EXEC, v:1, k:poo@roupa, mode:FULL, rate:0
2025-10-23 10:45:05, EXEC, v:1, k:poo@roupa, mode:FULL, rate:0
2025-10-23 10:45:05, EXEC, v:1, k:poo@roupa, mode:FULL, rate:0
2025-10-23 10:45:06, EXEC, v:1, k:poo@roupa, mode:FULL, rate:0
2025-10-23 10:55:28, EXEC, v:1, k:poo@roupa, mode:FULL, rate:0
2025-10-23 10:55:35, EXEC, v:1, k:poo@roupa, mode:FULL, rate:0
2025-10-23 10:55:39, EXEC, v:1, k:poo@roupa, mode:FULL, rate:0
2025-10-23 10:55:40, EXEC, v:1, k:poo@roupa, mode:FULL, rate:0
2025-10-23 10:55:41, EXEC, v:1, k:poo@roupa, mode:FULL, rate:0
2025-10-23 10:55:44, EXEC, v:1, k:poo@roupa, mode:FULL, rate:0
2025-10-23 10:55:45, EXEC, v:1, k:poo@roupa, mode:FULL, rate:0
2025-10-23 10:55:49, EXEC, v:1, k:poo@roupa, mode:FULL, rate:0
2025-10-23 10:55:49, EXEC, v:1, k:poo@roupa, mode:FULL, rate:0
2025-10-23 10:55:50, EXEC, v:1, k:poo@roupa, mode:FULL, rate:0
2025-10-23 10:55:50, EXEC, v:1, k:poo@roupa, mode:FULL, rate:0
2025-10-23 10:55:50, EXEC, v:1, k:poo@roupa, mode:FULL, rate:0
2025-10-23 10:55:51, EXEC, v:1, k:poo@roupa, mode:FULL, rate:0
2025-10-23 10:58:07, EXEC, v:1, k:poo@roupa, mode:FULL, rate:0
2025-10-23 10:58:08, EXEC, v:1, k:poo@roupa, mode:FULL, rate:0
2025-10-23 10:58:09, EXEC, v:1, k:poo@roupa, mode:FULL, rate:0
2025-10-23 10:58:12, EXEC, v:1, k:poo@roupa, mode:FULL, rate:0
2025-10-23 10:58:12, EXEC, v:1, k:poo@roupa, mode:FULL, rate:0
2025-10-23 10:58:13, EXEC, v:1, k:poo@roupa, mode:FULL, rate:0
2025-10-23 10:58:15, EXEC, v:1, k:poo@roupa, mode:FULL, rate:0
2025-10-23 10:58:16, EXEC, v:1, k:poo@roupa, mode:FULL, rate:0
2025-10-23 11:01:38, EXEC, v:1, k:poo@roupa, mode:FULL, rate:0, size:33
2025-10-23 11:01:41, EXEC, v:1, k:poo@roupa, mode:FULL, rate:0
2025-10-23 11:01:42, EXEC, v:1, k:poo@roupa, mode:FULL, rate:0
2025-10-23 11:01:43, EXEC, v:1, k:poo@roupa, mode:FULL, rate:0
2025-10-23 11:01:44, EXEC, v:1, k:poo@roupa, mode:FULL, rate:0
2025-10-23 11:01:45, EXEC, v:1, k:poo@roupa, mode:FULL, rate:0
2025-10-23 11:02:09, EXEC, v:1, k:poo@roupa, mode:FULL, rate:0
2025-10-23 11:02:11, EXEC, v:1, k:poo@roupa, mode:FULL, rate:0
2025-10-23 11:07:48, EXEC, v:1, k:poo@roupa, mode:FULL, rate:0, size:32
2025-10-23 11:21:12, EXEC, v:1, k:poo@roupa, mode:FULL, rate:0
2025-10-23 11:21:13, EXEC, v:1, k:poo@roupa, mode:FULL, rate:0
2025-10-23 11:21:14, EXEC, v:1, k:poo@roupa, mode:FULL, rate:0
2025-10-23 11:21:14, EXEC, v:1, k:poo@roupa, mode:FULL, rate:0
2025-10-23 11:21:15, EXEC, v:1, k:poo@roupa, mode:FULL, rate:0
2025-10-23 11:21:15, EXEC, v:1, k:poo@roupa, mode:FULL, rate:0
2025-10-23 11:21:16, EXEC, v:1, k:poo@roupa, mode:FULL, rate:0
2025-10-23 11:21:16, EXEC, v:1, k:poo@roupa, mode:FULL, rate:0
2025-10-23 11:21:17, EXEC, v:1, k:poo@roupa, mode:FULL, rate:0
2025-10-23 11:21:17, EXEC, v:1, k:poo@roupa, mode:FULL, rate:0
2025-10-23 11:21:18, EXEC, v:1, k:poo@roupa, mode:FULL, rate:0
2025-10-23 11:21:19, EXEC, v:1, k:poo@roupa, mode:FULL, rate:0
2025-10-23 11:21:19, EXEC, v:1, k:poo@roupa, mode:FULL, rate:0
2025-10-23 11:21:20, EXEC, v:1, k:poo@roupa, mode:FULL, rate:0
2025-10-23 11:21:20, EXEC, v:1, k:poo@roupa, mode:FULL, rate:0
2025-10-23 11:21:21, EXEC, v:1, k:poo@roupa, mode:FULL, rate:0
2025-10-23 11:22:23, EXEC, v:1, k:poo@roupa, mode:FULL, rate:0
2025-10-23 11:22:25, EXEC, v:1, k:poo@roupa, mode:FULL, rate:0
2025-10-23 11:23:20, EXEC, v:1, k:poo@roupa, mode:FULL, rate:0
2025-10-23 11:23:21, EXEC, v:1, k:poo@roupa, mode:FULL, rate:0
2025-10-23 11:23:22, EXEC, v:1, k:poo@roupa, mode:FULL, rate:0
2025-10-23 11:23:22, EXEC, v:1, k:poo@roupa, mode:FULL, rate:0
2025-10-23 11:23:22, EXEC, v:1, k:poo@roupa, mode:FULL, rate:0
2025-10-23 11:23:23, EXEC, v:1, k:poo@roupa, mode:FULL, rate:0
2025-10-23 11:23:23, EXEC, v:1, k:poo@roupa, mode:FULL, rate:0
2025-10-23 11:23:23, EXEC, v:1, k:poo@roupa, mode:FULL, rate:0
2025-10-23 11:23:24, EXEC, v:1, k:poo@roupa, mode:FULL, rate:0
2025-10-23 11:23:24, EXEC, v:1, k:poo@roupa, mode:FULL, rate:0
2025-10-23 11:23:24, EXEC, v:1, k:poo@roupa, mode:FULL, rate:0
2025-10-23 11:23:24, EXEC, v:1, k:poo@roupa, mode:FULL, rate:0
2025-10-23 11:23:24, EXEC, v:1, k:poo@roupa, mode:FULL, rate:0
2025-10-23 11:23:25, EXEC, v:1, k:poo@roupa, mode:FULL, rate:0
2025-10-23 11:23:25, EXEC, v:1, k:poo@roupa, mode:FULL, rate:0
2025-10-23 11:23:25, EXEC, v:1, k:poo@roupa, mode:FULL, rate:0
2025-10-23 11:23:25, EXEC, v:1, k:poo@roupa, mode:FULL, rate:0
2025-10-23 11:23:26, EXEC, v:1, k:poo@roupa, mode:FULL, rate:0
2025-10-23 11:23:26, EXEC, v:1, k:poo@roupa, mode:FULL, rate:0
2025-10-23 11:23:26, EXEC, v:1, k:poo@roupa, mode:FULL, rate:0
2025-10-23 11:23:26, EXEC, v:1, k:poo@roupa, mode:FULL, rate:0
2025-10-23 11:23:26, EXEC, v:1, k:poo@roupa, mode:FULL, rate:0
2025-10-23 11:23:27, EXEC, v:1, k:poo@roupa, mode:FULL, rate:0
2025-10-23 11:23:27, EXEC, v:1, k:poo@roupa, mode:FULL, rate:0
2025-10-23 11:23:27, EXEC, v:1, k:poo@roupa, mode:FULL, rate:0
2025-10-23 11:23:27, EXEC, v:1, k:poo@roupa, mode:FULL, rate:0
2025-10-23 11:23:28, EXEC, v:1, k:poo@roupa, mode:FULL, rate:0
2025-10-23 11:23:28, EXEC, v:1, k:poo@roupa, mode:FULL, rate:0
2025-10-23 11:23:28, EXEC, v:1, k:poo@roupa, mode:FULL, rate:0
2025-10-23 11:23:28, EXEC, v:1, k:poo@roupa, mode:FULL, rate:0
2025-10-23 11:23:29, EXEC, v:1, k:poo@roupa, mode:FULL, rate:0
2025-10-23 11:23:29, EXEC, v:1, k:poo@roupa, mode:FULL, rate:0
2025-10-23 11:23:29, EXEC, v:1, k:poo@roupa, mode:FULL, rate:0
2025-10-23 11:23:30, EXEC, v:1, k:poo@roupa, mode:FULL, rate:0
2025-10-23 11:23:30, EXEC, v:1, k:poo@roupa, mode:FULL, rate:0
2025-10-23 11:23:30, EXEC, v:1, k:poo@roupa, mode:FULL, rate:0
2025-10-23 11:23:30, EXEC, v:1, k:poo@roupa, mode:FULL, rate:0
2025-10-23 11:23:31, EXEC, v:1, k:poo@roupa, mode:FULL, rate:0
2025-10-23 11:23:31, EXEC, v:1, k:poo@roupa, mode:FULL, rate:0
2025-10-23 11:23:31, EXEC, v:1, k:poo@roupa, mode:FULL, rate:0
2025-10-23 11:23:31, EXEC, v:1, k:poo@roupa, mode:FULL, rate:0
2025-10-23 11:23:32, EXEC, v:1, k:poo@roupa, mode:FULL, rate:0
2025-10-23 11:23:32, EXEC, v:1, k:poo@roupa, mode:FULL, rate:0
2025-10-23 11:23:32, EXEC, v:1, k:poo@roupa, mode:FULL, rate:0
2025-10-23 11:24:28, EXEC, v:1, k:poo@roupa, mode:FULL, rate:0, size:47
2025-10-23 11:24:29, EXEC, v:1, k:poo@roupa, mode:FULL, rate:0
2025-10-23 11:25:01, EXEC, v:1, k:poo@roupa, mode:FULL, rate:0
2025-10-23 11:25:14, MOVE, v:1, k:poo@roupa, mode:BACK
2025-10-23 13:23:05, MOVE, v:1, k:poo@roupa, mode:PICK
2025-10-23 13:23:07, EXEC, v:1, k:poo@roupa, mode:FULL, rate:0
2025-10-23 13:23:09, EXEC, v:1, k:poo@roupa, mode:FULL, rate:0
2025-10-23 13:23:10, EXEC, v:1, k:poo@roupa, mode:FULL, rate:0
2025-10-23 13:34:36, EXEC, v:1, k:poo@roupa, mode:FULL, rate:0
2025-10-23 13:34:37, EXEC, v:1, k:poo@roupa, mode:FULL, rate:0
2025-10-23 13:36:03, EXEC, v:1, k:poo@roupa, mode:FULL, rate:0
2025-10-23 13:36:04, EXEC, v:1, k:poo@roupa, mode:FULL, rate:0
2025-10-23 13:36:04, EXEC, v:1, k:poo@roupa, mode:FULL, rate:0
2025-10-23 13:38:13, MOVE, v:1, k:poo@roupa, mode:PICK
2025-10-23 13:38:14, EXEC, v:1, k:poo@roupa, mode:FULL, rate:0
2025-10-23 13:38:15, EXEC, v:1, k:poo@roupa, mode:FULL, rate:0
2025-10-23 13:42:05, EXEC, v:1, k:poo@roupa, mode:FULL, rate:0, size:49
2025-10-23 13:46:31, EXEC, v:1, k:poo@roupa, mode:FULL, rate:0
2025-10-23 13:46:32, EXEC, v:1, k:poo@roupa, mode:FULL, rate:0
2025-10-23 13:46:51, EXEC, v:1, k:poo@roupa, mode:FULL, rate:0
2025-10-23 13:46:52, EXEC, v:1, k:poo@roupa, mode:FULL, rate:0
2025-10-23 13:47:05, EXEC, v:1, k:poo@roupa, mode:FULL, rate:0
2025-10-23 13:52:48, EXEC, v:1, k:poo@roupa, mode:FULL, rate:0
2025-10-23 13:52:48, EXEC, v:1, k:poo@roupa, mode:FULL, rate:0
2025-10-23 13:52:51, EXEC, v:1, k:poo@roupa, mode:FULL, rate:0
2025-10-23 13:52:55, EXEC, v:1, k:poo@roupa, mode:FULL, rate:0
2025-10-23 13:52:57, EXEC, v:1, k:poo@roupa, mode:FULL, rate:0
2025-10-23 14:41:54, EXEC, v:1, k:poo@roupa, mode:FULL, rate:0
2025-10-23 14:42:06, EXEC, v:1, k:poo@roupa, mode:FULL, rate:0
2025-10-23 14:42:34, EXEC, v:1, k:poo@roupa, mode:FULL, rate:0
2025-10-23 14:42:53, EXEC, v:1, k:poo@roupa, mode:FULL, rate:0
2025-10-23 14:42:53, EXEC, v:1, k:poo@roupa, mode:FULL, rate:0
2025-10-23 14:42:53, EXEC, v:1, k:poo@roupa, mode:FULL, rate:0
2025-10-23 14:42:56, MOVE, v:1, k:poo@roupa, mode:BACK
2025-10-23 14:42:56, MOVE, v:1, k:poo@roupa, mode:PICK
2025-10-23 14:42:57, MOVE, v:1, k:poo@roupa, mode:BACK
2025-10-23 14:42:57, MOVE, v:1, k:poo@roupa, mode:PICK
2025-10-23 14:42:58, MOVE, v:1, k:poo@roupa, mode:BACK
2025-10-23 14:43:45, MOVE, v:1, k:poo@roupa, mode:PICK
2025-10-23 14:43:46, EXEC, v:1, k:poo@roupa, mode:FULL, rate:0
2025-10-23 14:43:47, EXEC, v:1, k:poo@roupa, mode:FULL, rate:0
2025-10-23 14:44:23, EXEC, v:1, k:poo@roupa, mode:FULL, rate:0, size:45
2025-10-23 14:44:50, EXEC, v:1, k:poo@roupa, mode:FULL, rate:0
2025-10-23 14:44:54, EXEC, v:1, k:poo@roupa, mode:FULL, rate:0
2025-10-23 14:44:55, EXEC, v:1, k:poo@roupa, mode:FULL, rate:0
2025-10-23 14:44:56, EXEC, v:1, k:poo@roupa, mode:FULL, rate:0
2025-10-23 14:46:40, EXEC, v:1, k:poo@roupa, mode:FULL, rate:0
2025-10-23 14:46:49, MOVE, v:1, k:poo@roupa, mode:BACK
2025-10-23 14:47:06, MOVE, v:1, k:poo@roupa, mode:PICK
2025-10-23 14:47:07, EXEC, v:1, k:poo@roupa, mode:FULL, rate:0
2025-10-23 14:47:09, EXEC, v:1, k:poo@roupa, mode:FULL, rate:0
2025-10-23 14:47:09, EXEC, v:1, k:poo@roupa, mode:FULL, rate:0
2025-10-23 14:47:10, EXEC, v:1, k:poo@roupa, mode:FULL, rate:0
2025-10-23 14:48:05, EXEC, v:1, k:poo@roupa, mode:FULL, rate:0
2025-10-23 14:48:11, EXEC, v:1, k:poo@roupa, mode:FULL, rate:0
2025-10-23 14:49:28, EXEC, v:1, k:poo@roupa, mode:FULL, rate:0, size:42
2025-10-23 14:50:06, EXEC, v:1, k:poo@roupa, mode:FULL, rate:0
2025-10-23 14:50:07, EXEC, v:1, k:poo@roupa, mode:FULL, rate:0
2025-10-23 14:50:08, EXEC, v:1, k:poo@roupa, mode:FULL, rate:0
2025-10-23 14:50:08, EXEC, v:1, k:poo@roupa, mode:FULL, rate:0
2025-10-23 14:51:20, MOVE, v:1, k:poo@roupa, mode:BACK
2025-10-23 14:51:44, MOVE, v:1, k:poo@roupa, mode:PICK
2025-10-23 14:51:45, EXEC, v:1, k:poo@roupa, mode:FULL, rate:0
2025-10-23 14:51:46, EXEC, v:1, k:poo@roupa, mode:FULL, rate:0
2025-10-23 14:51:47, EXEC, v:1, k:poo@roupa, mode:FULL, rate:0
2025-10-23 14:51:47, EXEC, v:1, k:poo@roupa, mode:FULL, rate:0
2025-10-23 14:52:57, EXEC, v:1, k:poo@roupa, mode:FULL, rate:0, size:44
2025-10-23 14:52:58, EXEC, v:1, k:poo@roupa, mode:FULL, rate:0
2025-10-23 14:52:59, EXEC, v:1, k:poo@roupa, mode:FULL, rate:0
2025-10-23 14:52:59, EXEC, v:1, k:poo@roupa, mode:FULL, rate:0
2025-10-23 14:53:00, EXEC, v:1, k:poo@roupa, mode:FULL, rate:0
2025-10-23 14:53:01, EXEC, v:1, k:poo@roupa, mode:FULL, rate:0
2025-10-23 14:53:01, EXEC, v:1, k:poo@roupa, mode:FULL, rate:0
2025-10-23 14:53:01, EXEC, v:1, k:poo@roupa, mode:FULL, rate:0
2025-10-23 14:53:02, EXEC, v:1, k:poo@roupa, mode:FULL, rate:0
2025-10-23 14:53:02, EXEC, v:1, k:poo@roupa, mode:FULL, rate:0
2025-10-23 14:53:02, EXEC, v:1, k:poo@roupa, mode:FULL, rate:0
2025-10-23 14:53:02, EXEC, v:1, k:poo@roupa, mode:FULL, rate:0
2025-10-23 14:53:03, EXEC, v:1, k:poo@roupa, mode:FULL, rate:0
2025-10-23 14:53:03, EXEC, v:1, k:poo@roupa, mode:FULL, rate:0
2025-10-23 14:53:03, EXEC, v:1, k:poo@roupa, mode:FULL, rate:0
2025-10-23 14:53:04, EXEC, v:1, k:poo@roupa, mode:FULL, rate:0
2025-10-23 14:53:04, EXEC, v:1, k:poo@roupa, mode:FULL, rate:0
2025-10-23 14:53:04, EXEC, v:1, k:poo@roupa, mode:FULL, rate:0
2025-10-23 14:53:40, EXEC, v:1, k:poo@roupa, mode:FULL, rate:0
2025-10-23 14:53:41, EXEC, v:1, k:poo@roupa, mode:FULL, rate:0
2025-10-23 14:53:41, EXEC, v:1, k:poo@roupa, mode:FULL, rate:0
2025-10-23 14:53:41, EXEC, v:1, k:poo@roupa, mode:FULL, rate:0
2025-10-23 14:54:57, EXEC, v:1, k:poo@roupa, mode:FULL, rate:100, size:45
2025-10-23 14:55:14, EXEC, v:1, k:poo@roupa, mode:FULL, rate:100
2025-10-23 14:55:16, MOVE, v:1, k:poo@roupa, mode:BACK
2025-10-23 14:57:30, SELF, v:1, k:poo@roupa, rate:100, human:breno, guide:videos, alone:7, study:190
